[2026-06-17 10:24:37][P1][INFO] Aucun fichier MP3 trouvé dans sources/
[2026-06-17 10:24:57][P1][INFO] Aucun fichier MP3 trouvé dans sources/
[2026-06-17 10:25:17][P1][INFO] Aucun fichier MP3 trouvé dans sources/
[2026-06-17 10:25:37][P1][INFO] Aucun fichier MP3 trouvé dans sources/
[2026-06-17 10:25:57][P1][INFO] Aucun fichier MP3 trouvé dans sources/
[2026-06-17 10:26:17][P1][INFO] Aucun fichier MP3 trouvé dans sources/
[2026-06-17 10:26:37][P1][INFO] Aucun fichier MP3 trouvé dans sources/
[2026-06-17 10:26:57][P1][INFO] Aucun fichier MP3 trouvé dans sources/
[2026-06-17 10:27:17][P1][INFO] Aucun fichier MP3 trouvé dans sources/
[2026-06-17 10:27:37][P1][INFO] Aucun fichier MP3 trouvé dans sources/
[2026-06-17 10:27:57][P1][INFO] Aucun fichier MP3 trouvé dans sources/
[2026-06-17 10:28:17][P1][INFO] Fichier trouvé : C:\Users\Mike\Documents\Etude\S6\MrNaina\gestion-mp3\desktop\sources\The Police - Every Breath You Take (Official Music Video).mp3
[2026-06-17 10:28:18][P1][INFO] Fichier trouvé : C:\Users\Mike\Documents\Etude\S6\MrNaina\gestion-mp3\desktop\sources\Toto - Hold The Line (Official Video).mp3
[2026-06-17 10:28:18][P1][INFO] Fichier trouvé : C:\Users\Mike\Documents\Etude\S6\MrNaina\gestion-mp3\desktop\sources\Wisin & Yandel, Jennifer Lopez - Follow The Leader (Official Video) ft. Jennifer Lopez.mp3
[2026-06-17 10:28:18][P1][INFO] Fichier trouvé : C:\Users\Mike\Documents\Etude\S6\MrNaina\gestion-mp3\desktop\sources\Yiruma - River Flows In you (Arr. KyleLandry) [Piano Musics].mp3
[2026-06-17 10:28:18][P1][INFO] 4 fichier(s) publiés dans queue_p1_p2
[2026-06-17 10:28:18][P2][INFO] Extraction OK : The Police - Every Breath You Take (Official Music Video).mp3 → titre: The Police - Every Breath You Take (Official Music Video), artiste: Inconnu, durée: 03:48
[2026-06-17 10:28:18][P2][INFO] Extraction OK : Toto - Hold The Line (Official Video).mp3 → titre: Toto - Hold The Line (Official Video), artiste: Inconnu, durée: 03:58
[2026-06-17 10:28:18][P2][INFO] Extraction OK : Wisin & Yandel, Jennifer Lopez - Follow The Leader (Official Video) ft. Jennifer Lopez.mp3 → titre: Wisin & Yandel, Jennifer Lopez - Follow The Leader (Official Video) ft. Jennifer Lopez, artiste: Inconnu, durée: 04:58
[2026-06-17 10:28:18][P2][INFO] Extraction OK : Yiruma - River Flows In you (Arr. KyleLandry) [Piano Musics].mp3 → titre: Yiruma - River Flows In you (Arr. KyleLandry) [Piano Musics], artiste: Inconnu, durée: 05:49
[2026-06-17 10:28:18][P2][INFO] 4 fichier(s) publiés dans queue_p2_p3
[2026-06-17 10:28:18][P3][INFO] Envoi en cours : The Police - Every Breath You Take (Official Music Video).mp3
[2026-06-17 10:28:20][P3][INFO] Envoi OK : The Police - Every Breath You Take (Official Music Video).mp3 → supprimé de sources/
[2026-06-17 10:28:20][P3][INFO] Envoi en cours : Toto - Hold The Line (Official Video).mp3
[2026-06-17 10:28:22][P3][INFO] Envoi OK : Toto - Hold The Line (Official Video).mp3 → supprimé de sources/
[2026-06-17 10:28:22][P3][INFO] Envoi en cours : Wisin & Yandel, Jennifer Lopez - Follow The Leader (Official Video) ft. Jennifer Lopez.mp3
[2026-06-17 10:28:25][P3][INFO] Envoi OK : Wisin & Yandel, Jennifer Lopez - Follow The Leader (Official Video) ft. Jennifer Lopez.mp3 → supprimé de sources/
[2026-06-17 10:28:25][P3][INFO] Envoi en cours : Yiruma - River Flows In you (Arr. KyleLandry) [Piano Musics].mp3
[2026-06-17 10:28:26][P3][INFO] Envoi OK : Yiruma - River Flows In you (Arr. KyleLandry) [Piano Musics].mp3 → supprimé de sources/
[2026-06-17 10:28:38][P1][INFO] Aucun fichier MP3 trouvé dans sources/
[2026-06-17 10:28:58][P1][INFO] Aucun fichier MP3 trouvé dans sources/
[2026-06-17 10:29:18][P1][INFO] Aucun fichier MP3 trouvé dans sources/
[2026-06-17 10:29:38][P1][INFO] Aucun fichier MP3 trouvé dans sources/
[2026-06-17 10:29:58][P1][INFO] Aucun fichier MP3 trouvé dans sources/
[2026-06-17 10:30:18][P1][INFO] Aucun fichier MP3 trouvé dans sources/
[2026-06-17 10:30:38][P1][INFO] Aucun fichier MP3 trouvé dans sources/
[2026-06-17 10:30:58][P1][INFO] Aucun fichier MP3 trouvé dans sources/
[2026-06-17 10:31:18][P1][INFO] Aucun fichier MP3 trouvé dans sources/
[2026-06-17 10:31:38][P1][INFO] Aucun fichier MP3 trouvé dans sources/
[2026-06-17 10:31:58][P1][INFO] Aucun fichier MP3 trouvé dans sources/
[2026-06-17 10:32:18][P1][INFO] Aucun fichier MP3 trouvé dans sources/
[2026-06-17 10:32:38][P1][INFO] Aucun fichier MP3 trouvé dans sources/
[2026-06-17 10:32:58][P1][INFO] Aucun fichier MP3 trouvé dans sources/
[2026-06-17 10:33:18][P1][INFO] Aucun fichier MP3 trouvé dans sources/
[2026-06-17 10:33:38][P1][INFO] Aucun fichier MP3 trouvé dans sources/
[2026-06-17 10:33:58][P1][INFO] Aucun fichier MP3 trouvé dans sources/
[2026-06-17 10:34:18][P1][INFO] Aucun fichier MP3 trouvé dans sources/
[2026-06-17 10:34:38][P1][INFO] Aucun fichier MP3 trouvé dans sources/
[2026-06-17 10:34:58][P1][INFO] Aucun fichier MP3 trouvé dans sources/
[2026-06-17 10:35:18][P1][INFO] Aucun fichier MP3 trouvé dans sources/
[2026-06-17 10:35:38][P1][INFO] Aucun fichier MP3 trouvé dans sources/
[2026-06-17 10:35:58][P1][INFO] Aucun fichier MP3 trouvé dans sources/
[2026-06-17 10:36:18][P1][INFO] Aucun fichier MP3 trouvé dans sources/
[2026-06-17 10:36:38][P1][INFO] Aucun fichier MP3 trouvé dans sources/
[2026-06-17 10:36:58][P1][INFO] Aucun fichier MP3 trouvé dans sources/
[2026-06-17 10:37:19][P1][INFO] Aucun fichier MP3 trouvé dans sources/
[2026-06-17 10:37:39][P1][INFO] Aucun fichier MP3 trouvé dans sources/
[2026-06-17 10:37:59][P1][INFO] Aucun fichier MP3 trouvé dans sources/
[2026-06-17 10:38:19][P1][INFO] Aucun fichier MP3 trouvé dans sources/
[2026-06-17 10:38:39][P1][INFO] Aucun fichier MP3 trouvé dans sources/
[2026-06-17 10:38:59][P1][INFO] Aucun fichier MP3 trouvé dans sources/
[2026-06-17 10:39:19][P1][INFO] Aucun fichier MP3 trouvé dans sources/
[2026-06-17 10:39:39][P1][INFO] Aucun fichier MP3 trouvé dans sources/
[2026-06-17 10:39:59][P1][INFO] Aucun fichier MP3 trouvé dans sources/
[2026-06-17 10:40:19][P1][INFO] Aucun fichier MP3 trouvé dans sources/
[2026-06-17 10:40:39][P1][INFO] Aucun fichier MP3 trouvé dans sources/
[2026-06-17 10:40:59][P1][INFO] Aucun fichier MP3 trouvé dans sources/
[2026-06-17 10:41:19][P1][INFO] Aucun fichier MP3 trouvé dans sources/
[2026-06-17 10:41:39][P1][INFO] Aucun fichier MP3 trouvé dans sources/
[2026-06-17 10:41:59][P1][INFO] Aucun fichier MP3 trouvé dans sources/
[2026-06-17 10:42:19][P1][INFO] Aucun fichier MP3 trouvé dans sources/
[2026-06-17 10:42:39][P1][INFO] Aucun fichier MP3 trouvé dans sources/
[2026-06-17 10:42:59][P1][INFO] Aucun fichier MP3 trouvé dans sources/
[2026-06-17 10:43:19][P1][INFO] Aucun fichier MP3 trouvé dans sources/
[2026-06-17 10:43:39][P1][INFO] Aucun fichier MP3 trouvé dans sources/
[2026-06-17 10:43:59][P1][INFO] Aucun fichier MP3 trouvé dans sources/
[2026-06-17 10:44:19][P1][INFO] Aucun fichier MP3 trouvé dans sources/
[2026-06-17 10:44:39][P1][INFO] Aucun fichier MP3 trouvé dans sources/
[2026-06-17 10:44:59][P1][INFO] Aucun fichier MP3 trouvé dans sources/
[2026-06-17 10:45:19][P1][INFO] Aucun fichier MP3 trouvé dans sources/
[2026-06-17 10:45:39][P1][INFO] Aucun fichier MP3 trouvé dans sources/
[2026-06-17 10:45:59][P1][INFO] Aucun fichier MP3 trouvé dans sources/
[2026-06-17 10:46:20][P1][INFO] Aucun fichier MP3 trouvé dans sources/
[2026-06-17 10:46:40][P1][INFO] Aucun fichier MP3 trouvé dans sources/
[2026-06-17 10:47:00][P1][INFO] Aucun fichier MP3 trouvé dans sources/
[2026-06-17 10:47:20][P1][INFO] Aucun fichier MP3 trouvé dans sources/
[2026-06-17 10:47:40][P1][INFO] Aucun fichier MP3 trouvé dans sources/
[2026-06-17 10:48:00][P1][INFO] Aucun fichier MP3 trouvé dans sources/
[2026-06-17 10:48:20][P1][INFO] Aucun fichier MP3 trouvé dans sources/
[2026-06-17 10:48:40][P1][INFO] Aucun fichier MP3 trouvé dans sources/
[2026-06-17 10:49:00][P1][INFO] Aucun fichier MP3 trouvé dans sources/
[2026-06-17 10:49:20][P1][INFO] Aucun fichier MP3 trouvé dans sources/
[2026-06-17 10:49:40][P1][INFO] Aucun fichier MP3 trouvé dans sources/
[2026-06-17 10:50:00][P1][INFO] Aucun fichier MP3 trouvé dans sources/
[2026-06-17 10:50:20][P1][INFO] Aucun fichier MP3 trouvé dans sources/
[2026-06-17 10:50:40][P1][INFO] Aucun fichier MP3 trouvé dans sources/
[2026-06-17 10:51:00][P1][INFO] Aucun fichier MP3 trouvé dans sources/
[2026-06-17 10:51:20][P1][INFO] Aucun fichier MP3 trouvé dans sources/
[2026-06-17 10:51:40][P1][INFO] Aucun fichier MP3 trouvé dans sources/
[2026-06-17 10:52:00][P1][INFO] Aucun fichier MP3 trouvé dans sources/
[2026-06-17 10:52:20][P1][INFO] Aucun fichier MP3 trouvé dans sources/
[2026-06-17 10:52:40][P1][INFO] Aucun fichier MP3 trouvé dans sources/
[2026-06-17 10:53:00][P1][INFO] Aucun fichier MP3 trouvé dans sources/
[2026-06-17 10:53:20][P1][INFO] Aucun fichier MP3 trouvé dans sources/
[2026-06-17 10:53:40][P1][INFO] Aucun fichier MP3 trouvé dans sources/
[2026-06-17 10:54:00][P1][INFO] Aucun fichier MP3 trouvé dans sources/
[2026-06-17 10:54:20][P1][INFO] Aucun fichier MP3 trouvé dans sources/
[2026-06-17 10:54:40][P1][INFO] Aucun fichier MP3 trouvé dans sources/
[2026-06-17 10:55:00][P1][INFO] Aucun fichier MP3 trouvé dans sources/
[2026-06-17 10:55:20][P1][INFO] Aucun fichier MP3 trouvé dans sources/
[2026-06-17 10:55:40][P1][INFO] Aucun fichier MP3 trouvé dans sources/
[2026-06-17 10:56:00][P1][INFO] Aucun fichier MP3 trouvé dans sources/
[2026-06-17 10:56:20][P1][INFO] Aucun fichier MP3 trouvé dans sources/
[2026-06-17 10:56:40][P1][INFO] Aucun fichier MP3 trouvé dans sources/
[2026-06-17 10:57:00][P1][INFO] Aucun fichier MP3 trouvé dans sources/
[2026-06-17 10:57:20][P1][INFO] Aucun fichier MP3 trouvé dans sources/
[2026-06-17 10:57:41][P1][INFO] Aucun fichier MP3 trouvé dans sources/
[2026-06-17 10:58:01][P1][INFO] Aucun fichier MP3 trouvé dans sources/
[2026-06-17 10:58:21][P1][INFO] Aucun fichier MP3 trouvé dans sources/
[2026-06-17 10:58:41][P1][INFO] Aucun fichier MP3 trouvé dans sources/
[2026-06-17 10:59:01][P1][INFO] Aucun fichier MP3 trouvé dans sources/
[2026-06-17 10:59:21][P1][INFO] Aucun fichier MP3 trouvé dans sources/
[2026-06-17 10:59:41][P1][INFO] Aucun fichier MP3 trouvé dans sources/
[2026-06-17 11:00:01][P1][INFO] Aucun fichier MP3 trouvé dans sources/
[2026-06-17 11:00:21][P1][INFO] Aucun fichier MP3 trouvé dans sources/
[2026-06-17 11:00:41][P1][INFO] Aucun fichier MP3 trouvé dans sources/
[2026-06-17 11:01:01][P1][INFO] Aucun fichier MP3 trouvé dans sources/
[2026-06-17 11:01:21][P1][INFO] Aucun fichier MP3 trouvé dans sources/
[2026-06-17 11:01:41][P1][INFO] Aucun fichier MP3 trouvé dans sources/
[2026-06-17 11:02:01][P1][INFO] Aucun fichier MP3 trouvé dans sources/
[2026-06-17 11:02:21][P1][INFO] Aucun fichier MP3 trouvé dans sources/
[2026-06-17 11:02:41][P1][INFO] Aucun fichier MP3 trouvé dans sources/
[2026-06-17 11:03:01][P1][INFO] Aucun fichier MP3 trouvé dans sources/
[2026-06-17 11:03:21][P1][INFO] Aucun fichier MP3 trouvé dans sources/
[2026-06-17 11:03:41][P1][INFO] Aucun fichier MP3 trouvé dans sources/
[2026-06-17 11:04:01][P1][INFO] Aucun fichier MP3 trouvé dans sources/
[2026-06-17 11:04:21][P1][INFO] Aucun fichier MP3 trouvé dans sources/
[2026-06-17 11:04:41][P1][INFO] Aucun fichier MP3 trouvé dans sources/
[2026-06-17 11:05:01][P1][INFO] Aucun fichier MP3 trouvé dans sources/
[2026-06-17 11:05:21][P1][INFO] Aucun fichier MP3 trouvé dans sources/
[2026-06-17 11:05:41][P1][INFO] Aucun fichier MP3 trouvé dans sources/
[2026-06-17 11:06:01][P1][INFO] Aucun fichier MP3 trouvé dans sources/
[2026-06-17 11:06:21][P1][INFO] Aucun fichier MP3 trouvé dans sources/
[2026-06-17 11:06:42][P1][INFO] Aucun fichier MP3 trouvé dans sources/
[2026-06-17 11:07:02][P1][INFO] Aucun fichier MP3 trouvé dans sources/
[2026-06-17 11:07:22][P1][INFO] Aucun fichier MP3 trouvé dans sources/
[2026-06-17 11:07:42][P1][INFO] Aucun fichier MP3 trouvé dans sources/
[2026-06-17 11:08:02][P1][INFO] Aucun fichier MP3 trouvé dans sources/
[2026-06-17 11:08:22][P1][INFO] Aucun fichier MP3 trouvé dans sources/
[2026-06-17 11:08:42][P1][INFO] Aucun fichier MP3 trouvé dans sources/
[2026-06-17 11:09:02][P1][INFO] Aucun fichier MP3 trouvé dans sources/
[2026-06-17 11:09:22][P1][INFO] Aucun fichier MP3 trouvé dans sources/
[2026-06-17 11:09:42][P1][INFO] Aucun fichier MP3 trouvé dans sources/
[2026-06-17 11:10:02][P1][INFO] Aucun fichier MP3 trouvé dans sources/
[2026-06-17 11:10:22][P1][INFO] Aucun fichier MP3 trouvé dans sources/
[2026-06-17 11:10:42][P1][INFO] Aucun fichier MP3 trouvé dans sources/
[2026-06-17 11:11:02][P1][INFO] Aucun fichier MP3 trouvé dans sources/
[2026-06-17 11:11:22][P1][INFO] Aucun fichier MP3 trouvé dans sources/
[2026-06-17 11:11:42][P1][INFO] Aucun fichier MP3 trouvé dans sources/
[2026-06-17 11:12:02][P1][INFO] Aucun fichier MP3 trouvé dans sources/
[2026-06-17 11:12:22][P1][INFO] Aucun fichier MP3 trouvé dans sources/
[2026-06-17 11:12:42][P1][INFO] Aucun fichier MP3 trouvé dans sources/
[2026-06-17 11:13:02][P1][INFO] Aucun fichier MP3 trouvé dans sources/
[2026-06-17 11:13:22][P1][INFO] Aucun fichier MP3 trouvé dans sources/
[2026-06-17 11:13:42][P1][INFO] Aucun fichier MP3 trouvé dans sources/
[2026-06-17 11:14:02][P1][INFO] Aucun fichier MP3 trouvé dans sources/
[2026-06-17 11:14:22][P1][INFO] Aucun fichier MP3 trouvé dans sources/
[2026-06-17 11:14:43][P1][INFO] Aucun fichier MP3 trouvé dans sources/
[2026-06-17 11:15:03][P1][INFO] Aucun fichier MP3 trouvé dans sources/
[2026-06-17 11:15:23][P1][INFO] Aucun fichier MP3 trouvé dans sources/
[2026-06-17 11:15:43][P1][INFO] Aucun fichier MP3 trouvé dans sources/
[2026-06-17 11:16:03][P1][INFO] Aucun fichier MP3 trouvé dans sources/
[2026-06-17 11:16:23][P1][INFO] Aucun fichier MP3 trouvé dans sources/
[2026-06-17 11:16:43][P1][INFO] Aucun fichier MP3 trouvé dans sources/
[2026-06-17 11:17:03][P1][INFO] Aucun fichier MP3 trouvé dans sources/
[2026-06-17 11:17:23][P1][INFO] Aucun fichier MP3 trouvé dans sources/
[2026-06-17 11:17:43][P1][INFO] Aucun fichier MP3 trouvé dans sources/
[2026-06-17 11:18:03][P1][INFO] Aucun fichier MP3 trouvé dans sources/
[2026-06-17 11:18:23][P1][INFO] Aucun fichier MP3 trouvé dans sources/
[2026-06-17 11:18:43][P1][INFO] Aucun fichier MP3 trouvé dans sources/
[2026-06-17 11:19:03][P1][INFO] Aucun fichier MP3 trouvé dans sources/
[2026-06-17 11:19:23][P1][INFO] Aucun fichier MP3 trouvé dans sources/
[2026-06-17 11:19:43][P1][INFO] Aucun fichier MP3 trouvé dans sources/
[2026-06-17 11:20:03][P1][INFO] Aucun fichier MP3 trouvé dans sources/
[2026-06-17 11:20:23][P1][INFO] Aucun fichier MP3 trouvé dans sources/
[2026-06-17 11:20:43][P1][INFO] Aucun fichier MP3 trouvé dans sources/
[2026-06-17 11:21:03][P1][INFO] Aucun fichier MP3 trouvé dans sources/
[2026-06-17 11:21:23][P1][INFO] Aucun fichier MP3 trouvé dans sources/
[2026-06-17 11:21:43][P1][INFO] Aucun fichier MP3 trouvé dans sources/
[2026-06-17 11:22:03][P1][INFO] Aucun fichier MP3 trouvé dans sources/
[2026-06-17 11:22:23][P1][INFO] Aucun fichier MP3 trouvé dans sources/
[2026-06-17 11:22:43][P1][INFO] Aucun fichier MP3 trouvé dans sources/
[2026-06-17 11:23:03][P1][INFO] Aucun fichier MP3 trouvé dans sources/
[2026-06-17 11:23:23][P1][INFO] Aucun fichier MP3 trouvé dans sources/
[2026-06-17 11:23:43][P1][INFO] Aucun fichier MP3 trouvé dans sources/
[2026-06-17 11:24:03][P1][INFO] Aucun fichier MP3 trouvé dans sources/
[2026-06-17 11:24:24][P1][INFO] Aucun fichier MP3 trouvé dans sources/
[2026-06-17 11:24:44][P1][INFO] Aucun fichier MP3 trouvé dans sources/
[2026-06-17 11:25:04][P1][INFO] Aucun fichier MP3 trouvé dans sources/
[2026-06-17 11:25:24][P1][INFO] Aucun fichier MP3 trouvé dans sources/
[2026-06-17 11:25:44][P1][INFO] Aucun fichier MP3 trouvé dans sources/
[2026-06-17 11:26:04][P1][INFO] Aucun fichier MP3 trouvé dans sources/
[2026-06-17 11:26:24][P1][INFO] Aucun fichier MP3 trouvé dans sources/
[2026-06-17 11:26:44][P1][INFO] Aucun fichier MP3 trouvé dans sources/
[2026-06-17 11:27:04][P1][INFO] Aucun fichier MP3 trouvé dans sources/
[2026-06-17 11:27:24][P1][INFO] Aucun fichier MP3 trouvé dans sources/
[2026-06-17 11:27:44][P1][INFO] Aucun fichier MP3 trouvé dans sources/
[2026-06-17 11:28:04][P1][INFO] Aucun fichier MP3 trouvé dans sources/
[2026-06-17 11:28:24][P1][INFO] Aucun fichier MP3 trouvé dans sources/
[2026-06-17 11:28:44][P1][INFO] Aucun fichier MP3 trouvé dans sources/
[2026-06-17 11:29:04][P1][INFO] Aucun fichier MP3 trouvé dans sources/
[2026-06-17 11:29:24][P1][INFO] Aucun fichier MP3 trouvé dans sources/
[2026-06-17 11:29:44][P1][INFO] Aucun fichier MP3 trouvé dans sources/
[2026-06-17 11:30:04][P1][INFO] Aucun fichier MP3 trouvé dans sources/
[2026-06-17 11:30:24][P1][INFO] Aucun fichier MP3 trouvé dans sources/
[2026-06-17 11:30:44][P1][INFO] Aucun fichier MP3 trouvé dans sources/
[2026-06-17 11:31:04][P1][INFO] Aucun fichier MP3 trouvé dans sources/
[2026-06-17 11:31:24][P1][INFO] Aucun fichier MP3 trouvé dans sources/
[2026-06-17 11:31:44][P1][INFO] Aucun fichier MP3 trouvé dans sources/
[2026-06-17 11:32:04][P1][INFO] Aucun fichier MP3 trouvé dans sources/
[2026-06-17 11:32:24][P1][INFO] Aucun fichier MP3 trouvé dans sources/
[2026-06-17 11:32:45][P1][INFO] Aucun fichier MP3 trouvé dans sources/
[2026-06-17 11:33:05][P1][INFO] Aucun fichier MP3 trouvé dans sources/
[2026-06-17 11:33:25][P1][INFO] Aucun fichier MP3 trouvé dans sources/
[2026-06-17 11:33:45][P1][INFO] Aucun fichier MP3 trouvé dans sources/
[2026-06-17 11:34:05][P1][INFO] Aucun fichier MP3 trouvé dans sources/
[2026-06-17 11:34:25][P1][INFO] Aucun fichier MP3 trouvé dans sources/
[2026-06-17 11:34:45][P1][INFO] Aucun fichier MP3 trouvé dans sources/
[2026-06-17 11:35:05][P1][INFO] Aucun fichier MP3 trouvé dans sources/
[2026-06-17 11:35:25][P1][INFO] Aucun fichier MP3 trouvé dans sources/
[2026-06-17 11:35:45][P1][INFO] Aucun fichier MP3 trouvé dans sources/
[2026-06-17 11:36:05][P1][INFO] Aucun fichier MP3 trouvé dans sources/
[2026-06-17 11:36:25][P1][INFO] Aucun fichier MP3 trouvé dans sources/
[2026-06-17 11:36:45][P1][INFO] Aucun fichier MP3 trouvé dans sources/
[2026-06-17 11:37:05][P1][INFO] Aucun fichier MP3 trouvé dans sources/
[2026-06-17 11:37:25][P1][INFO] Aucun fichier MP3 trouvé dans sources/
[2026-06-17 11:37:45][P1][INFO] Aucun fichier MP3 trouvé dans sources/
[2026-06-17 11:38:05][P1][INFO] Aucun fichier MP3 trouvé dans sources/
[2026-06-17 11:38:25][P1][INFO] Aucun fichier MP3 trouvé dans sources/
[2026-06-17 11:38:45][P1][INFO] Aucun fichier MP3 trouvé dans sources/
[2026-06-17 11:39:05][P1][INFO] Aucun fichier MP3 trouvé dans sources/
[2026-06-17 11:39:25][P1][INFO] Aucun fichier MP3 trouvé dans sources/
[2026-06-17 11:39:46][P1][INFO] Aucun fichier MP3 trouvé dans sources/
[2026-06-17 11:40:06][P1][INFO] Aucun fichier MP3 trouvé dans sources/
[2026-06-17 11:40:26][P1][INFO] Aucun fichier MP3 trouvé dans sources/
[2026-06-17 11:40:46][P1][INFO] Aucun fichier MP3 trouvé dans sources/
[2026-06-17 11:41:06][P1][INFO] Aucun fichier MP3 trouvé dans sources/
[2026-06-17 11:41:26][P1][INFO] Aucun fichier MP3 trouvé dans sources/
[2026-06-17 11:41:46][P1][INFO] Aucun fichier MP3 trouvé dans sources/
[2026-06-17 11:42:06][P1][INFO] Aucun fichier MP3 trouvé dans sources/
[2026-06-17 11:42:26][P1][INFO] Aucun fichier MP3 trouvé dans sources/
[2026-06-17 11:42:46][P1][INFO] Aucun fichier MP3 trouvé dans sources/
[2026-06-17 11:43:06][P1][INFO] Aucun fichier MP3 trouvé dans sources/
[2026-06-17 11:43:26][P1][INFO] Aucun fichier MP3 trouvé dans sources/
[2026-06-17 11:43:46][P1][INFO] Aucun fichier MP3 trouvé dans sources/
[2026-06-17 11:44:06][P1][INFO] Aucun fichier MP3 trouvé dans sources/
[2026-06-17 11:44:26][P1][INFO] Aucun fichier MP3 trouvé dans sources/
[2026-06-17 11:44:46][P1][INFO] Aucun fichier MP3 trouvé dans sources/
[2026-06-17 11:45:06][P1][INFO] Aucun fichier MP3 trouvé dans sources/
[2026-06-17 11:45:26][P1][INFO] Aucun fichier MP3 trouvé dans sources/
[2026-06-17 11:45:46][P1][INFO] Aucun fichier MP3 trouvé dans sources/
[2026-06-17 11:46:06][P1][INFO] Aucun fichier MP3 trouvé dans sources/
